
*** Running vivado
    with args -log top.vds -m64 -product Vivado -mode batch -messageDb vivado.pb -notrace -source top.tcl



****** Vivado v2021.1 (64-bit)
  **** SW Build 3247384 on Thu Jun 10 19:36:33 MDT 2021
  **** IP Build 3246043 on Fri Jun 11 00:30:35 MDT 2021
    ** Copyright 1986-2021 Xilinx, Inc. All Rights Reserved.

source top.tcl -notrace
Command: synth_design -top top -part xc7a100tcsg324-1
Starting synth_design
Attempting to get a license for feature 'Synthesis' and/or device 'xc7a100t'
INFO: [Common 17-349] Got license for feature 'Synthesis' and/or device 'xc7a100t'
INFO: [Device 21-403] Loading part xc7a100tcsg324-1
INFO: [Synth 8-7079] Multithreading enabled for synth_design using a maximum of 2 processes.
INFO: [Synth 8-7078] Launching helper process for spawning children vivado processes
INFO: [Synth 8-7075] Helper process launched with PID 18464
---------------------------------------------------------------------------------
Starting RTL Elaboration : Time (s): cpu = 00:00:03 ; elapsed = 00:00:03 . Memory (MB): peak = 1135.855 ; gain = 0.000
---------------------------------------------------------------------------------
INFO: [Synth 8-638] synthesizing module 'top' [C:/Users/lucia/OneDrive/TRABAJO SED/trabajo2223/trabajo2223.srcs/sources_1/new/top.vhd:19]
INFO: [Synth 8-3491] module 'GestionEntradas' declared at 'C:/Users/lucia/OneDrive/TRABAJO SED/trabajo2223/trabajo2223.srcs/sources_1/new/GestionEntradas.vhd:4' bound to instance 'GestorEntradas1' of component 'GestionEntradas' [C:/Users/lucia/OneDrive/TRABAJO SED/trabajo2223/trabajo2223.srcs/sources_1/new/top.vhd:113]
INFO: [Synth 8-638] synthesizing module 'GestionEntradas' [C:/Users/lucia/OneDrive/TRABAJO SED/trabajo2223/trabajo2223.srcs/sources_1/new/GestionEntradas.vhd:22]
INFO: [Synth 8-3491] module 'SYNCHRNZR' declared at 'C:/Users/lucia/OneDrive/TRABAJO SED/trabajo2223/trabajo2223.srcs/sources_1/new/SYNCHRNZR.vhd:4' bound to instance 'SYNCHRNZR1' of component 'SYNCHRNZR' [C:/Users/lucia/OneDrive/TRABAJO SED/trabajo2223/trabajo2223.srcs/sources_1/new/GestionEntradas.vhd:49]
INFO: [Synth 8-638] synthesizing module 'SYNCHRNZR' [C:/Users/lucia/OneDrive/TRABAJO SED/trabajo2223/trabajo2223.srcs/sources_1/new/SYNCHRNZR.vhd:12]
INFO: [Synth 8-256] done synthesizing module 'SYNCHRNZR' (1#1) [C:/Users/lucia/OneDrive/TRABAJO SED/trabajo2223/trabajo2223.srcs/sources_1/new/SYNCHRNZR.vhd:12]
INFO: [Synth 8-3491] module 'EDGEDTCTR' declared at 'C:/Users/lucia/OneDrive/TRABAJO SED/trabajo2223/trabajo2223.srcs/sources_1/new/EDGEDTCTR.vhd:4' bound to instance 'EDGEDTCTR1' of component 'EDGEDTCTR' [C:/Users/lucia/OneDrive/TRABAJO SED/trabajo2223/trabajo2223.srcs/sources_1/new/GestionEntradas.vhd:55]
INFO: [Synth 8-638] synthesizing module 'EDGEDTCTR' [C:/Users/lucia/OneDrive/TRABAJO SED/trabajo2223/trabajo2223.srcs/sources_1/new/EDGEDTCTR.vhd:12]
INFO: [Synth 8-256] done synthesizing module 'EDGEDTCTR' (2#1) [C:/Users/lucia/OneDrive/TRABAJO SED/trabajo2223/trabajo2223.srcs/sources_1/new/EDGEDTCTR.vhd:12]
INFO: [Synth 8-3491] module 'SYNCHRNZR' declared at 'C:/Users/lucia/OneDrive/TRABAJO SED/trabajo2223/trabajo2223.srcs/sources_1/new/SYNCHRNZR.vhd:4' bound to instance 'SYNCHRNZR2' of component 'SYNCHRNZR' [C:/Users/lucia/OneDrive/TRABAJO SED/trabajo2223/trabajo2223.srcs/sources_1/new/GestionEntradas.vhd:61]
INFO: [Synth 8-3491] module 'EDGEDTCTR' declared at 'C:/Users/lucia/OneDrive/TRABAJO SED/trabajo2223/trabajo2223.srcs/sources_1/new/EDGEDTCTR.vhd:4' bound to instance 'EDGEDTCTR2' of component 'EDGEDTCTR' [C:/Users/lucia/OneDrive/TRABAJO SED/trabajo2223/trabajo2223.srcs/sources_1/new/GestionEntradas.vhd:67]
INFO: [Synth 8-3491] module 'SYNCHRNZR' declared at 'C:/Users/lucia/OneDrive/TRABAJO SED/trabajo2223/trabajo2223.srcs/sources_1/new/SYNCHRNZR.vhd:4' bound to instance 'SYNCHRNZR3' of component 'SYNCHRNZR' [C:/Users/lucia/OneDrive/TRABAJO SED/trabajo2223/trabajo2223.srcs/sources_1/new/GestionEntradas.vhd:73]
INFO: [Synth 8-3491] module 'EDGEDTCTR' declared at 'C:/Users/lucia/OneDrive/TRABAJO SED/trabajo2223/trabajo2223.srcs/sources_1/new/EDGEDTCTR.vhd:4' bound to instance 'EDGEDTCTR3' of component 'EDGEDTCTR' [C:/Users/lucia/OneDrive/TRABAJO SED/trabajo2223/trabajo2223.srcs/sources_1/new/GestionEntradas.vhd:79]
INFO: [Synth 8-3491] module 'SYNCHRNZR' declared at 'C:/Users/lucia/OneDrive/TRABAJO SED/trabajo2223/trabajo2223.srcs/sources_1/new/SYNCHRNZR.vhd:4' bound to instance 'SYNCHRNZR4' of component 'SYNCHRNZR' [C:/Users/lucia/OneDrive/TRABAJO SED/trabajo2223/trabajo2223.srcs/sources_1/new/GestionEntradas.vhd:85]
INFO: [Synth 8-3491] module 'EDGEDTCTR' declared at 'C:/Users/lucia/OneDrive/TRABAJO SED/trabajo2223/trabajo2223.srcs/sources_1/new/EDGEDTCTR.vhd:4' bound to instance 'EDGEDTCTR4' of component 'EDGEDTCTR' [C:/Users/lucia/OneDrive/TRABAJO SED/trabajo2223/trabajo2223.srcs/sources_1/new/GestionEntradas.vhd:91]
INFO: [Synth 8-3491] module 'SYNCHRNZR' declared at 'C:/Users/lucia/OneDrive/TRABAJO SED/trabajo2223/trabajo2223.srcs/sources_1/new/SYNCHRNZR.vhd:4' bound to instance 'SYNCHRNZR5' of component 'SYNCHRNZR' [C:/Users/lucia/OneDrive/TRABAJO SED/trabajo2223/trabajo2223.srcs/sources_1/new/GestionEntradas.vhd:97]
INFO: [Synth 8-3491] module 'EDGEDTCTR' declared at 'C:/Users/lucia/OneDrive/TRABAJO SED/trabajo2223/trabajo2223.srcs/sources_1/new/EDGEDTCTR.vhd:4' bound to instance 'EDGEDTCTR5' of component 'EDGEDTCTR' [C:/Users/lucia/OneDrive/TRABAJO SED/trabajo2223/trabajo2223.srcs/sources_1/new/GestionEntradas.vhd:103]
INFO: [Synth 8-3491] module 'SYNCHRNZR' declared at 'C:/Users/lucia/OneDrive/TRABAJO SED/trabajo2223/trabajo2223.srcs/sources_1/new/SYNCHRNZR.vhd:4' bound to instance 'SYNCHRNZR6' of component 'SYNCHRNZR' [C:/Users/lucia/OneDrive/TRABAJO SED/trabajo2223/trabajo2223.srcs/sources_1/new/GestionEntradas.vhd:109]
INFO: [Synth 8-3491] module 'EDGEDTCTR' declared at 'C:/Users/lucia/OneDrive/TRABAJO SED/trabajo2223/trabajo2223.srcs/sources_1/new/EDGEDTCTR.vhd:4' bound to instance 'EDGEDTCTR6' of component 'EDGEDTCTR' [C:/Users/lucia/OneDrive/TRABAJO SED/trabajo2223/trabajo2223.srcs/sources_1/new/GestionEntradas.vhd:115]
INFO: [Synth 8-256] done synthesizing module 'GestionEntradas' (3#1) [C:/Users/lucia/OneDrive/TRABAJO SED/trabajo2223/trabajo2223.srcs/sources_1/new/GestionEntradas.vhd:22]
INFO: [Synth 8-3491] module 'Modo_Crono' declared at 'C:/Users/lucia/OneDrive/TRABAJO SED/trabajo2223/trabajo2223.srcs/sources_1/new/Cronometro.vhd:5' bound to instance 'Modo_Crono1' of component 'Modo_Crono' [C:/Users/lucia/OneDrive/TRABAJO SED/trabajo2223/trabajo2223.srcs/sources_1/new/top.vhd:129]
INFO: [Synth 8-638] synthesizing module 'Modo_Crono' [C:/Users/lucia/OneDrive/TRABAJO SED/trabajo2223/trabajo2223.srcs/sources_1/new/Cronometro.vhd:26]
INFO: [Synth 8-3491] module 'clk1Hz' declared at 'C:/Users/lucia/OneDrive/TRABAJO SED/trabajo2223/trabajo2223.srcs/sources_1/new/clk1hz.vhd:4' bound to instance 'Inst_clk1hz' of component 'clk1hz' [C:/Users/lucia/OneDrive/TRABAJO SED/trabajo2223/trabajo2223.srcs/sources_1/new/Cronometro.vhd:41]
INFO: [Synth 8-638] synthesizing module 'clk1Hz' [C:/Users/lucia/OneDrive/TRABAJO SED/trabajo2223/trabajo2223.srcs/sources_1/new/clk1hz.vhd:11]
INFO: [Synth 8-256] done synthesizing module 'clk1Hz' (4#1) [C:/Users/lucia/OneDrive/TRABAJO SED/trabajo2223/trabajo2223.srcs/sources_1/new/clk1hz.vhd:11]
INFO: [Synth 8-256] done synthesizing module 'Modo_Crono' (5#1) [C:/Users/lucia/OneDrive/TRABAJO SED/trabajo2223/trabajo2223.srcs/sources_1/new/Cronometro.vhd:26]
INFO: [Synth 8-3491] module 'GestorDisplay' declared at 'C:/Users/lucia/OneDrive/TRABAJO SED/trabajo2223/trabajo2223.srcs/sources_1/new/GestorDisplay.vhd:5' bound to instance 'GestorDisplay1' of component 'GestorDisplay' [C:/Users/lucia/OneDrive/TRABAJO SED/trabajo2223/trabajo2223.srcs/sources_1/new/top.vhd:145]
INFO: [Synth 8-638] synthesizing module 'GestorDisplay' [C:/Users/lucia/OneDrive/TRABAJO SED/trabajo2223/trabajo2223.srcs/sources_1/new/GestorDisplay.vhd:24]
INFO: [Synth 8-3491] module 'clk10kHz' declared at 'C:/Users/lucia/OneDrive/TRABAJO SED/trabajo2223/trabajo2223.srcs/sources_1/new/clk10khz.vhd:4' bound to instance 'Inst_clk10khz' of component 'clk10khz' [C:/Users/lucia/OneDrive/TRABAJO SED/trabajo2223/trabajo2223.srcs/sources_1/new/GestorDisplay.vhd:56]
INFO: [Synth 8-638] synthesizing module 'clk10kHz' [C:/Users/lucia/OneDrive/TRABAJO SED/trabajo2223/trabajo2223.srcs/sources_1/new/clk10khz.vhd:11]
INFO: [Synth 8-256] done synthesizing module 'clk10kHz' (6#1) [C:/Users/lucia/OneDrive/TRABAJO SED/trabajo2223/trabajo2223.srcs/sources_1/new/clk10khz.vhd:11]
INFO: [Synth 8-3491] module 'decoder' declared at 'C:/Users/lucia/OneDrive/TRABAJO SED/trabajo2223/trabajo2223.srcs/sources_1/new/decoder.vhd:6' bound to instance 'Inst_decoder1' of component 'decoder' [C:/Users/lucia/OneDrive/TRABAJO SED/trabajo2223/trabajo2223.srcs/sources_1/new/GestorDisplay.vhd:62]
INFO: [Synth 8-638] synthesizing module 'decoder' [C:/Users/lucia/OneDrive/TRABAJO SED/trabajo2223/trabajo2223.srcs/sources_1/new/decoder.vhd:13]
INFO: [Synth 8-256] done synthesizing module 'decoder' (7#1) [C:/Users/lucia/OneDrive/TRABAJO SED/trabajo2223/trabajo2223.srcs/sources_1/new/decoder.vhd:13]
INFO: [Synth 8-3491] module 'decoder' declared at 'C:/Users/lucia/OneDrive/TRABAJO SED/trabajo2223/trabajo2223.srcs/sources_1/new/decoder.vhd:6' bound to instance 'Inst_decoder2' of component 'decoder' [C:/Users/lucia/OneDrive/TRABAJO SED/trabajo2223/trabajo2223.srcs/sources_1/new/GestorDisplay.vhd:66]
INFO: [Synth 8-3491] module 'decoder' declared at 'C:/Users/lucia/OneDrive/TRABAJO SED/trabajo2223/trabajo2223.srcs/sources_1/new/decoder.vhd:6' bound to instance 'Inst_decoder3' of component 'decoder' [C:/Users/lucia/OneDrive/TRABAJO SED/trabajo2223/trabajo2223.srcs/sources_1/new/GestorDisplay.vhd:70]
INFO: [Synth 8-3491] module 'decoder' declared at 'C:/Users/lucia/OneDrive/TRABAJO SED/trabajo2223/trabajo2223.srcs/sources_1/new/decoder.vhd:6' bound to instance 'Inst_decoder4' of component 'decoder' [C:/Users/lucia/OneDrive/TRABAJO SED/trabajo2223/trabajo2223.srcs/sources_1/new/GestorDisplay.vhd:74]
INFO: [Synth 8-3491] module 'decoder' declared at 'C:/Users/lucia/OneDrive/TRABAJO SED/trabajo2223/trabajo2223.srcs/sources_1/new/decoder.vhd:6' bound to instance 'Inst_decoder5' of component 'decoder' [C:/Users/lucia/OneDrive/TRABAJO SED/trabajo2223/trabajo2223.srcs/sources_1/new/GestorDisplay.vhd:78]
INFO: [Synth 8-3491] module 'decoder' declared at 'C:/Users/lucia/OneDrive/TRABAJO SED/trabajo2223/trabajo2223.srcs/sources_1/new/decoder.vhd:6' bound to instance 'Inst_decoder6' of component 'decoder' [C:/Users/lucia/OneDrive/TRABAJO SED/trabajo2223/trabajo2223.srcs/sources_1/new/GestorDisplay.vhd:82]
INFO: [Synth 8-3491] module 'decoder' declared at 'C:/Users/lucia/OneDrive/TRABAJO SED/trabajo2223/trabajo2223.srcs/sources_1/new/decoder.vhd:6' bound to instance 'Inst_decoder7' of component 'decoder' [C:/Users/lucia/OneDrive/TRABAJO SED/trabajo2223/trabajo2223.srcs/sources_1/new/GestorDisplay.vhd:86]
INFO: [Synth 8-3491] module 'decoder' declared at 'C:/Users/lucia/OneDrive/TRABAJO SED/trabajo2223/trabajo2223.srcs/sources_1/new/decoder.vhd:6' bound to instance 'Inst_decoder8' of component 'decoder' [C:/Users/lucia/OneDrive/TRABAJO SED/trabajo2223/trabajo2223.srcs/sources_1/new/GestorDisplay.vhd:90]
INFO: [Synth 8-256] done synthesizing module 'GestorDisplay' (8#1) [C:/Users/lucia/OneDrive/TRABAJO SED/trabajo2223/trabajo2223.srcs/sources_1/new/GestorDisplay.vhd:24]
INFO: [Synth 8-256] done synthesizing module 'top' (9#1) [C:/Users/lucia/OneDrive/TRABAJO SED/trabajo2223/trabajo2223.srcs/sources_1/new/top.vhd:19]
---------------------------------------------------------------------------------
Finished RTL Elaboration : Time (s): cpu = 00:00:04 ; elapsed = 00:00:04 . Memory (MB): peak = 1135.855 ; gain = 0.000
---------------------------------------------------------------------------------
---------------------------------------------------------------------------------
Start Handling Custom Attributes
---------------------------------------------------------------------------------
---------------------------------------------------------------------------------
Finished Handling Custom Attributes : Time (s): cpu = 00:00:04 ; elapsed = 00:00:04 . Memory (MB): peak = 1135.855 ; gain = 0.000
---------------------------------------------------------------------------------
---------------------------------------------------------------------------------
Finished RTL Optimization Phase 1 : Time (s): cpu = 00:00:04 ; elapsed = 00:00:04 . Memory (MB): peak = 1135.855 ; gain = 0.000
---------------------------------------------------------------------------------
Netlist sorting complete. Time (s): cpu = 00:00:00 ; elapsed = 00:00:00.005 . Memory (MB): peak = 1135.855 ; gain = 0.000
INFO: [Project 1-570] Preparing netlist for logic optimization

Processing XDC Constraints
Initializing timing engine
Parsing XDC File [C:/Users/lucia/OneDrive/TRABAJO SED/Nexys-4-DDR-Master.xdc]
Finished Parsing XDC File [C:/Users/lucia/OneDrive/TRABAJO SED/Nexys-4-DDR-Master.xdc]
INFO: [Project 1-236] Implementation specific constraints were found while reading constraint file [C:/Users/lucia/OneDrive/TRABAJO SED/Nexys-4-DDR-Master.xdc]. These constraints will be ignored for synthesis but will be used in implementation. Impacted constraints are listed in the file [.Xil/top_propImpl.xdc].
Resolution: To avoid this warning, move constraints listed in [.Xil/top_propImpl.xdc] to another XDC file and exclude this new file from synthesis with the used_in_synthesis property (File Properties dialog in GUI) and re-run elaboration/synthesis.
Completed Processing XDC Constraints

Netlist sorting complete. Time (s): cpu = 00:00:00 ; elapsed = 00:00:00 . Memory (MB): peak = 1152.109 ; gain = 0.000
INFO: [Project 1-111] Unisim Transformation Summary:
No Unisim elements were transformed.

Constraint Validation Runtime : Time (s): cpu = 00:00:00 ; elapsed = 00:00:00.002 . Memory (MB): peak = 1152.109 ; gain = 0.000
---------------------------------------------------------------------------------
Finished Constraint Validation : Time (s): cpu = 00:00:08 ; elapsed = 00:00:09 . Memory (MB): peak = 1152.109 ; gain = 16.254
---------------------------------------------------------------------------------
---------------------------------------------------------------------------------
Start Loading Part and Timing Information
---------------------------------------------------------------------------------
Loading part: xc7a100tcsg324-1
---------------------------------------------------------------------------------
Finished Loading Part and Timing Information : Time (s): cpu = 00:00:08 ; elapsed = 00:00:09 . Memory (MB): peak = 1152.109 ; gain = 16.254
---------------------------------------------------------------------------------
---------------------------------------------------------------------------------
Start Applying 'set_property' XDC Constraints
---------------------------------------------------------------------------------
---------------------------------------------------------------------------------
Finished applying 'set_property' XDC Constraints : Time (s): cpu = 00:00:08 ; elapsed = 00:00:09 . Memory (MB): peak = 1152.109 ; gain = 16.254
---------------------------------------------------------------------------------
INFO: [Synth 8-802] inferred FSM for state register 'flag_reg' in module 'GestorDisplay'
WARNING: [Synth 8-327] inferring latch for variable 'Start_s_reg' [C:/Users/lucia/OneDrive/TRABAJO SED/trabajo2223/trabajo2223.srcs/sources_1/new/Cronometro.vhd:50]
WARNING: [Synth 8-327] inferring latch for variable 'Reset_s_reg' [C:/Users/lucia/OneDrive/TRABAJO SED/trabajo2223/trabajo2223.srcs/sources_1/new/Cronometro.vhd:51]
WARNING: [Synth 8-327] inferring latch for variable 'code6_reg' [C:/Users/lucia/OneDrive/TRABAJO SED/trabajo2223/trabajo2223.srcs/sources_1/new/Cronometro.vhd:111]
WARNING: [Synth 8-327] inferring latch for variable 'code7_reg' [C:/Users/lucia/OneDrive/TRABAJO SED/trabajo2223/trabajo2223.srcs/sources_1/new/Cronometro.vhd:110]
WARNING: [Synth 8-327] inferring latch for variable 'code8_reg' [C:/Users/lucia/OneDrive/TRABAJO SED/trabajo2223/trabajo2223.srcs/sources_1/new/Cronometro.vhd:109]
---------------------------------------------------------------------------------------------------
                   State |                     New Encoding |                Previous Encoding 
---------------------------------------------------------------------------------------------------
                  iSTATE |                              000 | 00000000000000000000000000000001
*
                 iSTATE6 |                              001 | 00000000000000000000000000000010
                 iSTATE5 |                              010 | 00000000000000000000000000000011
                 iSTATE4 |                              011 | 00000000000000000000000000000100
                 iSTATE3 |                              100 | 00000000000000000000000000000101
                 iSTATE2 |                              101 | 00000000000000000000000000000110
                 iSTATE1 |                              110 | 00000000000000000000000000000111
                 iSTATE0 |                              111 | 00000000000000000000000000001000
---------------------------------------------------------------------------------------------------
INFO: [Synth 8-3354] encoded FSM with state register 'flag_reg' using encoding 'sequential' in module 'GestorDisplay'
---------------------------------------------------------------------------------
Finished RTL Optimization Phase 2 : Time (s): cpu = 00:00:09 ; elapsed = 00:00:09 . Memory (MB): peak = 1152.109 ; gain = 16.254
---------------------------------------------------------------------------------
---------------------------------------------------------------------------------
Start RTL Component Statistics 
---------------------------------------------------------------------------------
Detailed RTL Component Info : 
+---Adders : 
	   2 Input   26 Bit       Adders := 1     
	   2 Input   13 Bit       Adders := 1     
	   2 Input    4 Bit       Adders := 8     
+---Registers : 
	               26 Bit    Registers := 1     
	               13 Bit    Registers := 1     
	                8 Bit    Registers := 1     
	                7 Bit    Registers := 1     
	                4 Bit    Registers := 4     
	                3 Bit    Registers := 6     
	                2 Bit    Registers := 6     
	                1 Bit    Registers := 8     
+---Muxes : 
	   2 Input   26 Bit        Muxes := 1     
	   2 Input   13 Bit        Muxes := 1     
	   8 Input    8 Bit        Muxes := 1     
	   8 Input    7 Bit        Muxes := 1     
	   2 Input    4 Bit        Muxes := 4     
	   8 Input    3 Bit        Muxes := 1     
	   2 Input    1 Bit        Muxes := 7     
---------------------------------------------------------------------------------
Finished RTL Component Statistics 
---------------------------------------------------------------------------------
---------------------------------------------------------------------------------
Start Part Resource Summary
---------------------------------------------------------------------------------
Part Resources:
DSPs: 240 (col length:80)
BRAMs: 270 (col length: RAMB18 80 RAMB36 40)
---------------------------------------------------------------------------------
Finished Part Resource Summary
---------------------------------------------------------------------------------
---------------------------------------------------------------------------------
Start Cross Boundary and Area Optimization
---------------------------------------------------------------------------------
---------------------------------------------------------------------------------
Finished Cross Boundary and Area Optimization : Time (s): cpu = 00:00:10 ; elapsed = 00:00:11 . Memory (MB): peak = 1152.109 ; gain = 16.254
---------------------------------------------------------------------------------
---------------------------------------------------------------------------------
Start Applying XDC Timing Constraints
---------------------------------------------------------------------------------
---------------------------------------------------------------------------------
Finished Applying XDC Timing Constraints : Time (s): cpu = 00:00:14 ; elapsed = 00:00:15 . Memory (MB): peak = 1152.109 ; gain = 16.254
---------------------------------------------------------------------------------
---------------------------------------------------------------------------------
Start Timing Optimization
---------------------------------------------------------------------------------
---------------------------------------------------------------------------------
Finished Timing Optimization : Time (s): cpu = 00:00:14 ; elapsed = 00:00:15 . Memory (MB): peak = 1152.109 ; gain = 16.254
---------------------------------------------------------------------------------
---------------------------------------------------------------------------------
Start Technology Mapping
---------------------------------------------------------------------------------
---------------------------------------------------------------------------------
Finished Technology Mapping : Time (s): cpu = 00:00:14 ; elapsed = 00:00:15 . Memory (MB): peak = 1154.992 ; gain = 19.137
---------------------------------------------------------------------------------
---------------------------------------------------------------------------------
Start IO Insertion
---------------------------------------------------------------------------------
---------------------------------------------------------------------------------
Start Flattening Before IO Insertion
---------------------------------------------------------------------------------
---------------------------------------------------------------------------------
Finished Flattening Before IO Insertion
---------------------------------------------------------------------------------
---------------------------------------------------------------------------------
Start Final Netlist Cleanup
---------------------------------------------------------------------------------
---------------------------------------------------------------------------------
Finished Final Netlist Cleanup
---------------------------------------------------------------------------------
---------------------------------------------------------------------------------
Finished IO Insertion : Time (s): cpu = 00:00:17 ; elapsed = 00:00:17 . Memory (MB): peak = 1154.992 ; gain = 19.137
---------------------------------------------------------------------------------
---------------------------------------------------------------------------------
Start Renaming Generated Instances
---------------------------------------------------------------------------------
---------------------------------------------------------------------------------
Finished Renaming Generated Instances : Time (s): cpu = 00:00:17 ; elapsed = 00:00:17 . Memory (MB): peak = 1154.992 ; gain = 19.137
---------------------------------------------------------------------------------
---------------------------------------------------------------------------------
Start Rebuilding User Hierarchy
---------------------------------------------------------------------------------
---------------------------------------------------------------------------------
Finished Rebuilding User Hierarchy : Time (s): cpu = 00:00:17 ; elapsed = 00:00:17 . Memory (MB): peak = 1154.992 ; gain = 19.137
---------------------------------------------------------------------------------
---------------------------------------------------------------------------------
Start Renaming Generated Ports
---------------------------------------------------------------------------------
---------------------------------------------------------------------------------
Finished Renaming Generated Ports : Time (s): cpu = 00:00:17 ; elapsed = 00:00:17 . Memory (MB): peak = 1154.992 ; gain = 19.137
---------------------------------------------------------------------------------
---------------------------------------------------------------------------------
Start Handling Custom Attributes
---------------------------------------------------------------------------------
---------------------------------------------------------------------------------
Finished Handling Custom Attributes : Time (s): cpu = 00:00:17 ; elapsed = 00:00:17 . Memory (MB): peak = 1154.992 ; gain = 19.137
---------------------------------------------------------------------------------
---------------------------------------------------------------------------------
Start Renaming Generated Nets
---------------------------------------------------------------------------------
---------------------------------------------------------------------------------
Finished Renaming Generated Nets : Time (s): cpu = 00:00:17 ; elapsed = 00:00:17 . Memory (MB): peak = 1154.992 ; gain = 19.137
---------------------------------------------------------------------------------
---------------------------------------------------------------------------------
Start ROM, RAM, DSP, Shift Register and Retiming Reporting
---------------------------------------------------------------------------------

Static Shift Register Report:
+------------+----------------------------------------+--------+-------+--------------+--------------------+-------------------+--------+---------+
|Module Name | RTL Name                               | Length | Width | Reset Signal | Pull out first Reg | Pull out last Reg | SRL16E | SRLC32E | 
+------------+----------------------------------------+--------+-------+--------------+--------------------+-------------------+--------+---------+
|top         | GestorEntradas1/EDGEDTCTR1/sreg_reg[0] | 4      | 1     | NO           | YES                | YES               | 1      | 0       | 
|top         | GestorEntradas1/EDGEDTCTR4/sreg_reg[0] | 4      | 1     | NO           | YES                | YES               | 1      | 0       | 
|top         | GestorEntradas1/EDGEDTCTR5/sreg_reg[0] | 4      | 1     | NO           | YES                | YES               | 1      | 0       | 
+------------+----------------------------------------+--------+-------+--------------+--------------------+-------------------+--------+---------+

---------------------------------------------------------------------------------
Finished ROM, RAM, DSP, Shift Register and Retiming Reporting
---------------------------------------------------------------------------------
---------------------------------------------------------------------------------
Start Writing Synthesis Report
---------------------------------------------------------------------------------

Report BlackBoxes: 
+-+--------------+----------+
| |BlackBox name |Instances |
+-+--------------+----------+
+-+--------------+----------+

Report Cell Usage: 
+------+-------+------+
|      |Cell   |Count |
+------+-------+------+
|1     |BUFG   |     1|
|2     |CARRY4 |    10|
|3     |LUT1   |     8|
|4     |LUT2   |    10|
|5     |LUT3   |     6|
|6     |LUT4   |    31|
|7     |LUT5   |     6|
|8     |LUT6   |    22|
|9     |MUXF7  |     2|
|10    |SRL16E |     3|
|11    |FDCE   |    16|
|12    |FDRE   |    61|
|13    |FDSE   |    10|
|14    |LDC    |     1|
|15    |LDP    |     1|
|16    |IBUF   |     4|
|17    |OBUF   |    15|
|18    |OBUFT  |     1|
+------+-------+------+
---------------------------------------------------------------------------------
Finished Writing Synthesis Report : Time (s): cpu = 00:00:17 ; elapsed = 00:00:17 . Memory (MB): peak = 1154.992 ; gain = 19.137
---------------------------------------------------------------------------------
Synthesis finished with 0 errors, 0 critical warnings and 5 warnings.
Synthesis Optimization Runtime : Time (s): cpu = 00:00:12 ; elapsed = 00:00:16 . Memory (MB): peak = 1154.992 ; gain = 2.883
Synthesis Optimization Complete : Time (s): cpu = 00:00:17 ; elapsed = 00:00:17 . Memory (MB): peak = 1154.992 ; gain = 19.137
INFO: [Project 1-571] Translating synthesized netlist
Netlist sorting complete. Time (s): cpu = 00:00:00 ; elapsed = 00:00:00.001 . Memory (MB): peak = 1164.832 ; gain = 0.000
INFO: [Netlist 29-17] Analyzing 14 Unisim elements for replacement
INFO: [Netlist 29-28] Unisim Transformation completed in 0 CPU seconds
INFO: [Project 1-570] Preparing netlist for logic optimization
INFO: [Opt 31-138] Pushed 0 inverter(s) to 0 load pin(s).
Netlist sorting complete. Time (s): cpu = 00:00:00 ; elapsed = 00:00:00 . Memory (MB): peak = 1177.453 ; gain = 0.000
INFO: [Project 1-111] Unisim Transformation Summary:
  A total of 2 instances were transformed.
  LDC => LDCE: 1 instance 
  LDP => LDPE: 1 instance 

Synth Design complete, checksum: b5301644
INFO: [Common 17-83] Releasing license: Synthesis
60 Infos, 5 Warnings, 0 Critical Warnings and 0 Errors encountered.
synth_design completed successfully
synth_design: Time (s): cpu = 00:00:20 ; elapsed = 00:00:21 . Memory (MB): peak = 1177.453 ; gain = 41.598
INFO: [Common 17-1381] The checkpoint 'C:/Users/lucia/OneDrive/TRABAJO SED/trabajo2223/trabajo2223.runs/synth_1/top.dcp' has been generated.
INFO: [runtcl-4] Executing : report_utilization -file top_utilization_synth.rpt -pb top_utilization_synth.pb
INFO: [Common 17-206] Exiting Vivado at Sat Nov 26 18:25:23 2022...
