#-----------------------------------------------------------
# Vivado v2021.1 (64-bit)
# SW Build 3247384 on Thu Jun 10 19:36:33 MDT 2021
# IP Build 3246043 on Fri Jun 11 00:30:35 MDT 2021
# Start of session at: Mon Dec  5 09:56:33 2022
# Process ID: 10464
# Current directory: C:/Users/lucia/OneDrive/TRABAJO SED/trabajodefinitivo
# Command line: vivado.exe -gui_launcher_event rodinguilauncherevent7536 C:\Users\lucia\OneDrive\TRABAJO SED\trabajodefinitivo\trabajodefinitivo.xpr
# Log file: C:/Users/lucia/OneDrive/TRABAJO SED/trabajodefinitivo/vivado.log
# Journal file: C:/Users/lucia/OneDrive/TRABAJO SED/trabajodefinitivo\vivado.jou
#-----------------------------------------------------------
start_gui
open_project {C:/Users/lucia/OneDrive/TRABAJO SED/trabajodefinitivo/trabajodefinitivo.xpr}
WARNING: [filemgmt 56-3] Default IP Output Path : Could not find the directory 'C:/Users/lucia/OneDrive/TRABAJO SED/trabajodefinitivo/trabajodefinitivo.gen/sources_1'.
Scanning sources...
Finished scanning sources
INFO: [IP_Flow 19-234] Refreshing IP repositories
INFO: [IP_Flow 19-1704] No user IP repositories specified
INFO: [IP_Flow 19-2313] Loaded Vivado IP repository 'C:/Xilinx/Vivado/2021.1/data/ip'.
open_project: Time (s): cpu = 00:00:11 ; elapsed = 00:00:07 . Memory (MB): peak = 1133.422 ; gain = 0.000
update_compile_order -fileset sources_1
reset_run synth_1
WARNING: [Vivado 12-1017] Problems encountered:
1. Failed to delete one or more files in run directory C:/Users/lucia/OneDrive/TRABAJO SED/trabajodefinitivo/trabajodefinitivo.runs/synth_1

launch_runs synth_1 -jobs 8
[Mon Dec  5 10:01:47 2022] Launched synth_1...
Run output will be captured here: C:/Users/lucia/OneDrive/TRABAJO SED/trabajodefinitivo/trabajodefinitivo.runs/synth_1/runme.log
launch_runs impl_1 -jobs 8
[Mon Dec  5 10:02:29 2022] Launched impl_1...
Run output will be captured here: C:/Users/lucia/OneDrive/TRABAJO SED/trabajodefinitivo/trabajodefinitivo.runs/impl_1/runme.log
reset_run synth_1
WARNING: [Vivado 12-1017] Problems encountered:
1. Failed to delete one or more files in run directory C:/Users/lucia/OneDrive/TRABAJO SED/trabajodefinitivo/trabajodefinitivo.runs/synth_1

reset_run impl_1
launch_runs impl_1 -jobs 8
[Mon Dec  5 10:23:00 2022] Launched synth_1...
Run output will be captured here: C:/Users/lucia/OneDrive/TRABAJO SED/trabajodefinitivo/trabajodefinitivo.runs/synth_1/runme.log
[Mon Dec  5 10:23:00 2022] Launched impl_1...
Run output will be captured here: C:/Users/lucia/OneDrive/TRABAJO SED/trabajodefinitivo/trabajodefinitivo.runs/impl_1/runme.log
reset_run synth_1
WARNING: [Vivado 12-1017] Problems encountered:
1. Failed to delete one or more files in run directory C:/Users/lucia/OneDrive/TRABAJO SED/trabajodefinitivo/trabajodefinitivo.runs/synth_1

launch_runs synth_1 -jobs 8
[Mon Dec  5 11:26:27 2022] Launched synth_1...
Run output will be captured here: C:/Users/lucia/OneDrive/TRABAJO SED/trabajodefinitivo/trabajodefinitivo.runs/synth_1/runme.log
launch_runs impl_1 -jobs 8
[Mon Dec  5 11:27:00 2022] Launched impl_1...
Run output will be captured here: C:/Users/lucia/OneDrive/TRABAJO SED/trabajodefinitivo/trabajodefinitivo.runs/impl_1/runme.log
reset_run synth_1
WARNING: [Vivado 12-1017] Problems encountered:
1. Failed to delete one or more files in run directory C:/Users/lucia/OneDrive/TRABAJO SED/trabajodefinitivo/trabajodefinitivo.runs/synth_1

launch_runs synth_1 -jobs 8
[Mon Dec  5 12:17:31 2022] Launched synth_1...
Run output will be captured here: C:/Users/lucia/OneDrive/TRABAJO SED/trabajodefinitivo/trabajodefinitivo.runs/synth_1/runme.log
reset_run synth_1
WARNING: [Vivado 12-1017] Problems encountered:
1. Failed to delete one or more files in run directory C:/Users/lucia/OneDrive/TRABAJO SED/trabajodefinitivo/trabajodefinitivo.runs/synth_1

launch_runs synth_1 -jobs 8
[Mon Dec  5 12:22:27 2022] Launched synth_1...
Run output will be captured here: C:/Users/lucia/OneDrive/TRABAJO SED/trabajodefinitivo/trabajodefinitivo.runs/synth_1/runme.log
launch_runs impl_1 -jobs 8
[Mon Dec  5 12:24:43 2022] Launched impl_1...
Run output will be captured here: C:/Users/lucia/OneDrive/TRABAJO SED/trabajodefinitivo/trabajodefinitivo.runs/impl_1/runme.log
reset_run synth_1
WARNING: [Vivado 12-1017] Problems encountered:
1. Failed to delete one or more files in run directory C:/Users/lucia/OneDrive/TRABAJO SED/trabajodefinitivo/trabajodefinitivo.runs/synth_1

reset_run impl_1
launch_runs impl_1 -jobs 8
[Mon Dec  5 12:27:24 2022] Launched synth_1...
Run output will be captured here: C:/Users/lucia/OneDrive/TRABAJO SED/trabajodefinitivo/trabajodefinitivo.runs/synth_1/runme.log
[Mon Dec  5 12:27:24 2022] Launched impl_1...
Run output will be captured here: C:/Users/lucia/OneDrive/TRABAJO SED/trabajodefinitivo/trabajodefinitivo.runs/impl_1/runme.log
reset_run synth_1
WARNING: [Vivado 12-1017] Problems encountered:
1. Failed to delete one or more files in run directory C:/Users/lucia/OneDrive/TRABAJO SED/trabajodefinitivo/trabajodefinitivo.runs/synth_1

launch_runs synth_1 -jobs 8
[Mon Dec  5 12:29:08 2022] Launched synth_1...
Run output will be captured here: C:/Users/lucia/OneDrive/TRABAJO SED/trabajodefinitivo/trabajodefinitivo.runs/synth_1/runme.log
launch_runs impl_1 -jobs 8
[Mon Dec  5 12:29:42 2022] Launched impl_1...
Run output will be captured here: C:/Users/lucia/OneDrive/TRABAJO SED/trabajodefinitivo/trabajodefinitivo.runs/impl_1/runme.log
