Copyright 1986-2021 Xilinx, Inc. All Rights Reserved.
---------------------------------------------------------------------------------------------------
| Tool Version : Vivado v.2021.1 (win64) Build 3247384 Thu Jun 10 19:36:33 MDT 2021
| Date         : Wed Dec  7 12:05:28 2022
| Host         : MSI running 64-bit major release  (build 9200)
| Command      : report_drc -file TOP_drc_routed.rpt -pb TOP_drc_routed.pb -rpx TOP_drc_routed.rpx
| Design       : TOP
| Device       : xc7a100tcsg324-1
| Speed File   : -1
| Design State : Fully Routed
---------------------------------------------------------------------------------------------------

Report DRC

Table of Contents
-----------------
1. REPORT SUMMARY
2. REPORT DETAILS

1. REPORT SUMMARY
-----------------
            Netlist: netlist
          Floorplan: design_1
      Design limits: <entire design considered>
           Ruledeck: default
             Max violations: <unlimited>
             Violations found: 31
+----------+----------+-----------------------------------------------------+------------+
| Rule     | Severity | Description                                         | Violations |
+----------+----------+-----------------------------------------------------+------------+
| CFGBVS-1 | Warning  | Missing CFGBVS and CONFIG_VOLTAGE Design Properties | 1          |
| PDRC-153 | Warning  | Gated clock check                                   | 30         |
+----------+----------+-----------------------------------------------------+------------+

2. REPORT DETAILS
-----------------
CFGBVS-1#1 Warning
Missing CFGBVS and CONFIG_VOLTAGE Design Properties  
Neither the CFGBVS nor CONFIG_VOLTAGE voltage property is set in the current_design.  Configuration bank voltage select (CFGBVS) must be set to VCCO or GND, and CONFIG_VOLTAGE must be set to the correct configuration voltage, in order to determine the I/O voltage support for the pins in bank 0.  It is suggested to specify these either using the 'Edit Device Properties' function in the GUI or directly in the XDC file using the following syntax:

 set_property CFGBVS value1 [current_design]
 #where value1 is either VCCO or GND

 set_property CONFIG_VOLTAGE value2 [current_design]
 #where value2 is the voltage provided to configuration bank 0

Refer to the device configuration user guide for more information.
Related violations: <none>

PDRC-153#1 Warning
Gated clock check  
Net Entradas/DetectorFlanco/FSM_onehot_estadoActual_reg[1][0] is a gated clock net sourced by a combinational pin Entradas/DetectorFlanco/dec_min_aux_reg[3]_i_2/O, cell Entradas/DetectorFlanco/dec_min_aux_reg[3]_i_2. This is not good design practice and will likely impact performance. For SLICE registers, for example, use the CE pin to control the loading of data.
Related violations: <none>

PDRC-153#2 Warning
Gated clock check  
Net Entradas/DetectorFlanco/sreg_reg[0]_0 is a gated clock net sourced by a combinational pin Entradas/DetectorFlanco/Reset_s_reg_i_1/O, cell Entradas/DetectorFlanco/Reset_s_reg_i_1. This is not good design practice and will likely impact performance. For SLICE registers, for example, use the CE pin to control the loading of data.
Related violations: <none>

PDRC-153#3 Warning
Gated clock check  
Net Entradas/DetectorFlanco2/B_R_aux is a gated clock net sourced by a combinational pin Entradas/DetectorFlanco2/Enable_count_A_reg_i_1/O, cell Entradas/DetectorFlanco2/Enable_count_A_reg_i_1. This is not good design practice and will likely impact performance. For SLICE registers, for example, use the CE pin to control the loading of data.
Related violations: <none>

PDRC-153#4 Warning
Gated clock check  
Net Entradas/DetectorFlanco2/FSM_onehot_estadoActual_reg[1][0] is a gated clock net sourced by a combinational pin Entradas/DetectorFlanco2/unit_min_aux_reg[3]_i_2/O, cell Entradas/DetectorFlanco2/unit_min_aux_reg[3]_i_2. This is not good design practice and will likely impact performance. For SLICE registers, for example, use the CE pin to control the loading of data.
Related violations: <none>

PDRC-153#5 Warning
Gated clock check  
Net Entradas/DetectorFlanco3/FSM_onehot_estadoActual_reg[1][0] is a gated clock net sourced by a combinational pin Entradas/DetectorFlanco3/unit_sec_aux_reg[3]_i_2/O, cell Entradas/DetectorFlanco3/unit_sec_aux_reg[3]_i_2. This is not good design practice and will likely impact performance. For SLICE registers, for example, use the CE pin to control the loading of data.
Related violations: <none>

PDRC-153#6 Warning
Gated clock check  
Net Entradas/DetectorFlanco4/E[0] is a gated clock net sourced by a combinational pin Entradas/DetectorFlanco4/dec_sec_aux_reg[3]_i_2/O, cell Entradas/DetectorFlanco4/dec_sec_aux_reg[3]_i_2. This is not good design practice and will likely impact performance. For SLICE registers, for example, use the CE pin to control the loading of data.
Related violations: <none>

PDRC-153#7 Warning
Gated clock check  
Net Entradas/DetectorFlanco4/sreg_reg[0]_0 is a gated clock net sourced by a combinational pin Entradas/DetectorFlanco4/Start_s_reg_i_1/O, cell Entradas/DetectorFlanco4/Start_s_reg_i_1. This is not good design practice and will likely impact performance. For SLICE registers, for example, use the CE pin to control the loading of data.
Related violations: <none>

PDRC-153#8 Warning
Gated clock check  
Net MaquinaEstados/E[0] is a gated clock net sourced by a combinational pin MaquinaEstados/code8_reg[3]_i_2/O, cell MaquinaEstados/code8_reg[3]_i_2. This is not good design practice and will likely impact performance. For SLICE registers, for example, use the CE pin to control the loading of data.
Related violations: <none>

PDRC-153#9 Warning
Gated clock check  
Net MaquinaEstados/Enable_C is a gated clock net sourced by a combinational pin MaquinaEstados/code6_reg[3]_i_1__0/O, cell MaquinaEstados/code6_reg[3]_i_1__0. This is not good design practice and will likely impact performance. For SLICE registers, for example, use the CE pin to control the loading of data.
Related violations: <none>

PDRC-153#10 Warning
Gated clock check  
Net MaquinaEstados/FSM_sequential_estadoActual_reg[2]_1 is a gated clock net sourced by a combinational pin MaquinaEstados/code6_reg[3]_i_1__1/O, cell MaquinaEstados/code6_reg[3]_i_1__1. This is not good design practice and will likely impact performance. For SLICE registers, for example, use the CE pin to control the loading of data.
Related violations: <none>

PDRC-153#11 Warning
Gated clock check  
Net Modo_Ajedrez/Enable_count_A_reg/G0 is a gated clock net sourced by a combinational pin Modo_Ajedrez/Enable_count_A_reg/L3_2/O, cell Modo_Ajedrez/Enable_count_A_reg/L3_2 (in Modo_Ajedrez/Enable_count_A_reg macro). This is not good design practice and will likely impact performance. For SLICE registers, for example, use the CE pin to control the loading of data.
Related violations: <none>

PDRC-153#12 Warning
Gated clock check  
Net Modo_Ajedrez/Reset_aux_A_reg/G0 is a gated clock net sourced by a combinational pin Modo_Ajedrez/Reset_aux_A_reg/L3_2/O, cell Modo_Ajedrez/Reset_aux_A_reg/L3_2 (in Modo_Ajedrez/Reset_aux_A_reg macro). This is not good design practice and will likely impact performance. For SLICE registers, for example, use the CE pin to control the loading of data.
Related violations: <none>

PDRC-153#13 Warning
Gated clock check  
Net Modo_Temporizador/Cuenta_atras1/Reset_aux is a gated clock net sourced by a combinational pin Modo_Temporizador/Cuenta_atras1/Reset_s_reg_i_1__0/O, cell Modo_Temporizador/Cuenta_atras1/Reset_s_reg_i_1__0. This is not good design practice and will likely impact performance. For SLICE registers, for example, use the CE pin to control the loading of data.
Related violations: <none>

PDRC-153#14 Warning
Gated clock check  
Net Modo_Temporizador/Cuenta_atras1/Start_s_reg_i_1__0_n_1 is a gated clock net sourced by a combinational pin Modo_Temporizador/Cuenta_atras1/Start_s_reg_i_1__0/O, cell Modo_Temporizador/Cuenta_atras1/Start_s_reg_i_1__0. This is not good design practice and will likely impact performance. For SLICE registers, for example, use the CE pin to control the loading of data.
Related violations: <none>

PDRC-153#15 Warning
Gated clock check  
Net Modo_Temporizador/Cuenta_atras1/dec_min_reg[0]_LDC_i_1_n_1 is a gated clock net sourced by a combinational pin Modo_Temporizador/Cuenta_atras1/dec_min_reg[0]_LDC_i_1/O, cell Modo_Temporizador/Cuenta_atras1/dec_min_reg[0]_LDC_i_1. This is not good design practice and will likely impact performance. For SLICE registers, for example, use the CE pin to control the loading of data.
Related violations: <none>

PDRC-153#16 Warning
Gated clock check  
Net Modo_Temporizador/Cuenta_atras1/dec_min_reg[1]_LDC_i_1_n_1 is a gated clock net sourced by a combinational pin Modo_Temporizador/Cuenta_atras1/dec_min_reg[1]_LDC_i_1/O, cell Modo_Temporizador/Cuenta_atras1/dec_min_reg[1]_LDC_i_1. This is not good design practice and will likely impact performance. For SLICE registers, for example, use the CE pin to control the loading of data.
Related violations: <none>

PDRC-153#17 Warning
Gated clock check  
Net Modo_Temporizador/Cuenta_atras1/dec_min_reg[2]_LDC_i_1_n_1 is a gated clock net sourced by a combinational pin Modo_Temporizador/Cuenta_atras1/dec_min_reg[2]_LDC_i_1/O, cell Modo_Temporizador/Cuenta_atras1/dec_min_reg[2]_LDC_i_1. This is not good design practice and will likely impact performance. For SLICE registers, for example, use the CE pin to control the loading of data.
Related violations: <none>

PDRC-153#18 Warning
Gated clock check  
Net Modo_Temporizador/Cuenta_atras1/dec_min_reg[3]_LDC_i_1_n_1 is a gated clock net sourced by a combinational pin Modo_Temporizador/Cuenta_atras1/dec_min_reg[3]_LDC_i_1/O, cell Modo_Temporizador/Cuenta_atras1/dec_min_reg[3]_LDC_i_1. This is not good design practice and will likely impact performance. For SLICE registers, for example, use the CE pin to control the loading of data.
Related violations: <none>

PDRC-153#19 Warning
Gated clock check  
Net Modo_Temporizador/Cuenta_atras1/dec_sec_reg[0]_LDC_i_1_n_1 is a gated clock net sourced by a combinational pin Modo_Temporizador/Cuenta_atras1/dec_sec_reg[0]_LDC_i_1/O, cell Modo_Temporizador/Cuenta_atras1/dec_sec_reg[0]_LDC_i_1. This is not good design practice and will likely impact performance. For SLICE registers, for example, use the CE pin to control the loading of data.
Related violations: <none>

PDRC-153#20 Warning
Gated clock check  
Net Modo_Temporizador/Cuenta_atras1/dec_sec_reg[1]_LDC_i_1_n_1 is a gated clock net sourced by a combinational pin Modo_Temporizador/Cuenta_atras1/dec_sec_reg[1]_LDC_i_1/O, cell Modo_Temporizador/Cuenta_atras1/dec_sec_reg[1]_LDC_i_1. This is not good design practice and will likely impact performance. For SLICE registers, for example, use the CE pin to control the loading of data.
Related violations: <none>

PDRC-153#21 Warning
Gated clock check  
Net Modo_Temporizador/Cuenta_atras1/dec_sec_reg[2]_LDC_i_1_n_1 is a gated clock net sourced by a combinational pin Modo_Temporizador/Cuenta_atras1/dec_sec_reg[2]_LDC_i_1/O, cell Modo_Temporizador/Cuenta_atras1/dec_sec_reg[2]_LDC_i_1. This is not good design practice and will likely impact performance. For SLICE registers, for example, use the CE pin to control the loading of data.
Related violations: <none>

PDRC-153#22 Warning
Gated clock check  
Net Modo_Temporizador/Cuenta_atras1/dec_sec_reg[3]_LDC_i_1_n_1 is a gated clock net sourced by a combinational pin Modo_Temporizador/Cuenta_atras1/dec_sec_reg[3]_LDC_i_1/O, cell Modo_Temporizador/Cuenta_atras1/dec_sec_reg[3]_LDC_i_1. This is not good design practice and will likely impact performance. For SLICE registers, for example, use the CE pin to control the loading of data.
Related violations: <none>

PDRC-153#23 Warning
Gated clock check  
Net Modo_Temporizador/Cuenta_atras1/unit_min_reg[0]_LDC_i_1_n_1 is a gated clock net sourced by a combinational pin Modo_Temporizador/Cuenta_atras1/unit_min_reg[0]_LDC_i_1/O, cell Modo_Temporizador/Cuenta_atras1/unit_min_reg[0]_LDC_i_1. This is not good design practice and will likely impact performance. For SLICE registers, for example, use the CE pin to control the loading of data.
Related violations: <none>

PDRC-153#24 Warning
Gated clock check  
Net Modo_Temporizador/Cuenta_atras1/unit_min_reg[1]_LDC_i_1_n_1 is a gated clock net sourced by a combinational pin Modo_Temporizador/Cuenta_atras1/unit_min_reg[1]_LDC_i_1/O, cell Modo_Temporizador/Cuenta_atras1/unit_min_reg[1]_LDC_i_1. This is not good design practice and will likely impact performance. For SLICE registers, for example, use the CE pin to control the loading of data.
Related violations: <none>

PDRC-153#25 Warning
Gated clock check  
Net Modo_Temporizador/Cuenta_atras1/unit_min_reg[2]_LDC_i_1_n_1 is a gated clock net sourced by a combinational pin Modo_Temporizador/Cuenta_atras1/unit_min_reg[2]_LDC_i_1/O, cell Modo_Temporizador/Cuenta_atras1/unit_min_reg[2]_LDC_i_1. This is not good design practice and will likely impact performance. For SLICE registers, for example, use the CE pin to control the loading of data.
Related violations: <none>

PDRC-153#26 Warning
Gated clock check  
Net Modo_Temporizador/Cuenta_atras1/unit_min_reg[3]_LDC_i_1_n_1 is a gated clock net sourced by a combinational pin Modo_Temporizador/Cuenta_atras1/unit_min_reg[3]_LDC_i_1/O, cell Modo_Temporizador/Cuenta_atras1/unit_min_reg[3]_LDC_i_1. This is not good design practice and will likely impact performance. For SLICE registers, for example, use the CE pin to control the loading of data.
Related violations: <none>

PDRC-153#27 Warning
Gated clock check  
Net Modo_Temporizador/Cuenta_atras1/unit_sec_reg[0]_LDC_i_1_n_1 is a gated clock net sourced by a combinational pin Modo_Temporizador/Cuenta_atras1/unit_sec_reg[0]_LDC_i_1/O, cell Modo_Temporizador/Cuenta_atras1/unit_sec_reg[0]_LDC_i_1. This is not good design practice and will likely impact performance. For SLICE registers, for example, use the CE pin to control the loading of data.
Related violations: <none>

PDRC-153#28 Warning
Gated clock check  
Net Modo_Temporizador/Cuenta_atras1/unit_sec_reg[1]_LDC_i_1_n_1 is a gated clock net sourced by a combinational pin Modo_Temporizador/Cuenta_atras1/unit_sec_reg[1]_LDC_i_1/O, cell Modo_Temporizador/Cuenta_atras1/unit_sec_reg[1]_LDC_i_1. This is not good design practice and will likely impact performance. For SLICE registers, for example, use the CE pin to control the loading of data.
Related violations: <none>

PDRC-153#29 Warning
Gated clock check  
Net Modo_Temporizador/Cuenta_atras1/unit_sec_reg[2]_LDC_i_1_n_1 is a gated clock net sourced by a combinational pin Modo_Temporizador/Cuenta_atras1/unit_sec_reg[2]_LDC_i_1/O, cell Modo_Temporizador/Cuenta_atras1/unit_sec_reg[2]_LDC_i_1. This is not good design practice and will likely impact performance. For SLICE registers, for example, use the CE pin to control the loading of data.
Related violations: <none>

PDRC-153#30 Warning
Gated clock check  
Net Modo_Temporizador/Cuenta_atras1/unit_sec_reg[3]_LDC_i_1_n_1 is a gated clock net sourced by a combinational pin Modo_Temporizador/Cuenta_atras1/unit_sec_reg[3]_LDC_i_1/O, cell Modo_Temporizador/Cuenta_atras1/unit_sec_reg[3]_LDC_i_1. This is not good design practice and will likely impact performance. For SLICE registers, for example, use the CE pin to control the loading of data.
Related violations: <none>


